<?xml version="1.0" encoding="utf-8"?><testsuites name="pytest tests"><testsuite name="pytest" errors="4" failures="0" skipped="0" tests="80" time="37.335" timestamp="2026-05-06T12:04:01.790005+00:00" hostname="agent-env-01fa0f06-44e4-40c9-a361-f9e8a85e6901"><testcase classname="backend.tests.test_phase10_my_bookings.TestGuestMyBookings" name="test_requires_auth" time="0.160" /><testcase classname="backend.tests.test_phase10_my_bookings.TestGuestMyBookings" name="test_returns_bookings_with_property_embedded" time="0.483" /><testcase classname="backend.tests.test_phase10_my_bookings.TestGuestMyBookings" name="test_sorted_by_check_in_desc" time="0.141" /><testcase classname="backend.tests.test_phase10_my_bookings.TestHostMyBookings" name="test_host_bookings_embed_property" time="0.482" /><testcase classname="backend.tests.test_phase10_my_bookings.TestCancelBooking" name="test_cancel_unknown_booking_404" time="0.122" /><testcase classname="backend.tests.test_phase10_my_bookings.TestCancelBooking" name="test_cancel_requires_auth" time="0.132" /><testcase classname="backend.tests.test_phase10_my_bookings.TestCancelBooking" name="test_cancel_non_owner_is_403" time="1.720" /><testcase classname="backend.tests.test_phase10_my_bookings.TestCancelBooking" name="test_cancel_soft_lock_success_and_idempotent" time="2.002" /><testcase classname="backend.tests.test_phase10_my_bookings.TestCancelBooking" name="test_cancel_confirmed_removes_booking_blocked_date" time="2.460" /><testcase classname="backend.tests.test_phase6_calendar" name="test_login_all_roles[guest]" time="0.323" /><testcase classname="backend.tests.test_phase6_calendar" name="test_login_all_roles[host]" time="0.272" /><testcase classname="backend.tests.test_phase6_calendar" name="test_login_all_roles[broker]" time="0.307" /><testcase classname="backend.tests.test_phase6_calendar" name="test_login_all_roles[employee]" time="0.280" /><testcase classname="backend.tests.test_phase6_calendar" name="test_login_all_roles[admin]" time="0.276" /><testcase classname="backend.tests.test_phase6_calendar" name="test_property_listings_public" time="0.105" /><testcase classname="backend.tests.test_phase6_calendar" name="test_host_my_properties" time="0.443" /><testcase classname="backend.tests.test_phase6_calendar" name="test_admin_users_list_smoke" time="0.411" /><testcase classname="backend.tests.test_phase6_calendar" name="test_broker_dashboard_smoke" time="0.467" /><testcase classname="backend.tests.test_phase6_calendar" name="test_employee_dashboard_smoke" time="0.456" /><testcase classname="backend.tests.test_phase6_calendar" name="test_subscription_plans_smoke" time="0.121" /><testcase classname="backend.tests.test_phase6_calendar" name="test_cms_smoke" time="0.104" /><testcase classname="backend.tests.test_phase6_calendar" name="test_notifications_smoke" time="0.103" /><testcase classname="backend.tests.test_phase6_calendar" name="test_calendar_blocked_dates_public" time="0.272" /><testcase classname="backend.tests.test_phase6_calendar" name="test_block_dates_validations_and_success" time="1.038" /><testcase classname="backend.tests.test_phase6_calendar" name="test_block_dates_requires_auth" time="0.308" /><testcase classname="backend.tests.test_phase6_calendar" name="test_unified_view" time="0.262" /><testcase classname="backend.tests.test_phase6_calendar" name="test_ical_export" time="0.255" /><testcase classname="backend.tests.test_phase6_calendar" name="test_external_calendar_validation_and_crud" time="1.031" /><testcase classname="backend.tests.test_phase6_calendar" name="test_booking_blocked_by_manual_block" time="0.958" /><testcase classname="backend.tests.test_phase7_search.TestSeed" name="test_eight_demo_live_properties" time="0.123" /><testcase classname="backend.tests.test_phase7_search.TestFilters" name="test_category_event_venue" time="0.055" /><testcase classname="backend.tests.test_phase7_search.TestFilters" name="test_property_type_villa" time="0.050" /><testcase classname="backend.tests.test_phase7_search.TestFilters" name="test_city_mumbai_regex" time="0.051" /><testcase classname="backend.tests.test_phase7_search.TestFilters" name="test_min_price_10000" time="0.053" /><testcase classname="backend.tests.test_phase7_search.TestFilters" name="test_max_price_5000" time="0.049" /><testcase classname="backend.tests.test_phase7_search.TestFilters" name="test_amenities_wifi_ac" time="0.048" /><testcase classname="backend.tests.test_phase7_search.TestFilters" name="test_instant_booking_true" time="0.058" /><testcase classname="backend.tests.test_phase7_search.TestFilters" name="test_pet_friendly_true" time="0.049" /><testcase classname="backend.tests.test_phase7_search.TestFilters" name="test_bbox_mumbai" time="0.050" /><testcase classname="backend.tests.test_phase7_search.TestSort" name="test_sort_price_asc" time="0.051" /><testcase classname="backend.tests.test_phase7_search.TestSort" name="test_sort_price_desc" time="0.051" /><testcase classname="backend.tests.test_phase7_search.TestSort" name="test_sort_newest" time="0.049" /><testcase classname="backend.tests.test_phase7_search.TestSort" name="test_sort_recommended" time="0.048" /><testcase classname="backend.tests.test_phase7_search.TestAvailability" name="test_dates_no_overlap_returns_full_set" time="0.048" /><testcase classname="backend.tests.test_phase7_search.TestAvailability" name="test_invalid_dates_returns_400" time="0.094" /><testcase classname="backend.tests.test_phase7_search.TestAvailability" name="test_blocked_dates_excludes_property" time="0.646" /><testcase classname="backend.tests.test_phase7_search.TestRegression" name="test_login_all_roles" time="0.817" /><testcase classname="backend.tests.test_phase7_search.TestRegression" name="test_host_dashboard_accessible" time="0.048" /><testcase classname="backend.tests.test_phase7_search.TestRegression" name="test_calendar_unified_view" time="0.210" /><testcase classname="backend.tests.test_phase8_property_detail.TestPropertyDetail" name="test_get_property_returns_safe_host" time="0.230" /><testcase classname="backend.tests.test_phase8_property_detail.TestPropertyDetail" name="test_unknown_property_returns_404" time="0.147" /><testcase classname="backend.tests.test_phase8_property_detail.TestRazorpayMockService" name="test_is_mock_mode_active" time="0.000" /><testcase classname="backend.tests.test_phase8_property_detail.TestRazorpayMockService" name="test_create_order_returns_mock_id" time="0.000" /><testcase classname="backend.tests.test_phase8_property_detail.TestRazorpayMockService" name="test_mock_complete_payment_signature_verifies" time="0.000" /><testcase classname="backend.tests.test_phase8_property_detail.TestRazorpayMockService" name="test_invalid_signature_rejected" time="0.000" /><testcase classname="backend.tests.test_phase8_property_detail.TestBookingFlow" name="test_booking_returns_mock_order" time="0.520"><error message="failed on setup with &quot;AssertionError: {&quot;detail&quot;:&quot;Property is already booked for selected dates&quot;}&#10;assert 409 == 200&#10; +  where 409 = &lt;Response [409]&gt;.status_code&quot;">E   AssertionError: {"detail":"Property is already booked for selected dates"}
    assert 409 == 200
     +  where 409 = &lt;Response [409]&gt;.status_code</error></testcase><testcase classname="backend.tests.test_phase8_property_detail.TestBookingFlow" name="test_overlap_rejected_409" time="0.000"><error message="failed on setup with &quot;AssertionError: {&quot;detail&quot;:&quot;Property is already booked for selected dates&quot;}&#10;assert 409 == 200&#10; +  where 409 = &lt;Response [409]&gt;.status_code&quot;">E   AssertionError: {"detail":"Property is already booked for selected dates"}
    assert 409 == 200
     +  where 409 = &lt;Response [409]&gt;.status_code</error></testcase><testcase classname="backend.tests.test_phase8_property_detail.TestBookingFlow" name="test_invalid_date_range_400" time="0.126" /><testcase classname="backend.tests.test_phase8_property_detail.TestBookingFlow" name="test_blocked_date_rejected" time="0.783" /><testcase classname="backend.tests.test_phase8_property_detail.TestBookingFlow" name="test_confirm_payment_with_mock_signature" time="0.000"><error message="failed on setup with &quot;AssertionError: {&quot;detail&quot;:&quot;Property is already booked for selected dates&quot;}&#10;assert 409 == 200&#10; +  where 409 = &lt;Response [409]&gt;.status_code&quot;">E   AssertionError: {"detail":"Property is already booked for selected dates"}
    assert 409 == 200
     +  where 409 = &lt;Response [409]&gt;.status_code</error></testcase><testcase classname="backend.tests.test_phase8_property_detail.TestBookingFlow" name="test_blocked_dates_includes_booking_source" time="0.000"><error message="failed on setup with &quot;AssertionError: {&quot;detail&quot;:&quot;Property is already booked for selected dates&quot;}&#10;assert 409 == 200&#10; +  where 409 = &lt;Response [409]&gt;.status_code&quot;">E   AssertionError: {"detail":"Property is already booked for selected dates"}
    assert 409 == 200
     +  where 409 = &lt;Response [409]&gt;.status_code</error></testcase><testcase classname="backend.tests.test_phase8_property_detail.TestBookingFlow" name="test_ical_export_includes_booking" time="0.145" /><testcase classname="backend.tests.test_phase8_property_detail.TestRegression" name="test_search_still_works" time="0.150" /><testcase classname="backend.tests.test_phase8_property_detail.TestRegression" name="test_login_all_roles[creds0]" time="0.661" /><testcase classname="backend.tests.test_phase8_property_detail.TestRegression" name="test_login_all_roles[creds1]" time="0.452" /><testcase classname="backend.tests.test_phase8_property_detail.TestRegression" name="test_login_all_roles[creds2]" time="0.413" /><testcase classname="backend.tests.test_phase8_property_detail.TestRegression" name="test_login_all_roles[creds3]" time="0.433" /><testcase classname="backend.tests.test_phase8_property_detail.TestRegression" name="test_login_all_roles[creds4]" time="0.349" /><testcase classname="backend.tests.test_phase9_payment.TestPaymentConfig" name="test_payment_config_public_no_auth" time="0.127" /><testcase classname="backend.tests.test_phase9_payment.TestPaymentConfig" name="test_payment_config_is_mock_in_demo" time="0.123" /><testcase classname="backend.tests.test_phase9_payment.TestMockPay" name="test_mock_pay_unknown_booking_returns_404" time="0.471" /><testcase classname="backend.tests.test_phase9_payment.TestMockPay" name="test_mock_pay_success_and_idempotent" time="3.739" /><testcase classname="backend.tests.test_phase9_payment.TestMockPay" name="test_mock_pay_non_owner_guest_403" time="1.361" /><testcase classname="backend.tests.test_phase9_payment.TestConfirmPayment" name="test_confirm_payment_valid_signature" time="3.109" /><testcase classname="backend.tests.test_phase9_payment.TestConfirmPayment" name="test_confirm_payment_invalid_signature_400" time="1.308" /><testcase classname="backend.tests.test_phase9_payment.TestConfirmPayment" name="test_confirm_payment_unknown_booking_404" time="0.240" /><testcase classname="backend.tests.test_phase9_payment.TestConfirmPayment" name="test_confirm_payment_non_owner_403" time="2.806" /><testcase classname="backend.tests.test_phase9_payment.TestConfirmPayment" name="test_confirm_payment_query_param_legacy_rejected" time="0.439" /><testcase classname="backend.tests.test_phase9_payment.TestPhase8Regression" name="test_property_detail_still_works" time="0.560" /><testcase classname="backend.tests.test_phase9_payment.TestPhase8Regression" name="test_search_still_works" time="0.369" /></testsuite></testsuites>