<?xml version="1.0" encoding="utf-8"?><testsuites name="pytest tests"><testsuite name="pytest" errors="4" failures="2" skipped="0" tests="71" time="37.435" timestamp="2026-05-06T12:11:26.173142+00:00" hostname="agent-env-01fa0f06-44e4-40c9-a361-f9e8a85e6901"><testcase classname="tests.test_phase6_calendar" name="test_login_all_roles[guest]" time="0.382" /><testcase classname="tests.test_phase6_calendar" name="test_login_all_roles[host]" time="0.289" /><testcase classname="tests.test_phase6_calendar" name="test_login_all_roles[broker]" time="0.305" /><testcase classname="tests.test_phase6_calendar" name="test_login_all_roles[employee]" time="0.295" /><testcase classname="tests.test_phase6_calendar" name="test_login_all_roles[admin]" time="0.291" /><testcase classname="tests.test_phase6_calendar" name="test_property_listings_public" time="0.117" /><testcase classname="tests.test_phase6_calendar" name="test_host_my_properties" time="0.415" /><testcase classname="tests.test_phase6_calendar" name="test_admin_users_list_smoke" time="0.407" /><testcase classname="tests.test_phase6_calendar" name="test_broker_dashboard_smoke" time="0.410" /><testcase classname="tests.test_phase6_calendar" name="test_employee_dashboard_smoke" time="0.407" /><testcase classname="tests.test_phase6_calendar" name="test_subscription_plans_smoke" time="0.129" /><testcase classname="tests.test_phase6_calendar" name="test_cms_smoke" time="0.116" /><testcase classname="tests.test_phase6_calendar" name="test_notifications_smoke" time="0.157" /><testcase classname="tests.test_phase6_calendar" name="test_calendar_blocked_dates_public" time="0.261" /><testcase classname="tests.test_phase6_calendar" name="test_block_dates_validations_and_success" time="0.978" /><testcase classname="tests.test_phase6_calendar" name="test_block_dates_requires_auth" time="0.333" /><testcase classname="tests.test_phase6_calendar" name="test_unified_view" time="0.266" /><testcase classname="tests.test_phase6_calendar" name="test_ical_export" time="0.248" /><testcase classname="tests.test_phase6_calendar" name="test_external_calendar_validation_and_crud" time="0.951" /><testcase classname="tests.test_phase6_calendar" name="test_booking_blocked_by_manual_block" time="0.848" /><testcase classname="tests.test_phase7_search.TestSeed" name="test_eight_demo_live_properties" time="0.118" /><testcase classname="tests.test_phase7_search.TestFilters" name="test_category_event_venue" time="0.064" /><testcase classname="tests.test_phase7_search.TestFilters" name="test_property_type_villa" time="0.059" /><testcase classname="tests.test_phase7_search.TestFilters" name="test_city_mumbai_regex" time="0.058" /><testcase classname="tests.test_phase7_search.TestFilters" name="test_min_price_10000" time="0.054" /><testcase classname="tests.test_phase7_search.TestFilters" name="test_max_price_5000" time="0.055" /><testcase classname="tests.test_phase7_search.TestFilters" name="test_amenities_wifi_ac" time="0.058" /><testcase classname="tests.test_phase7_search.TestFilters" name="test_instant_booking_true" time="0.055" /><testcase classname="tests.test_phase7_search.TestFilters" name="test_pet_friendly_true" time="0.058" /><testcase classname="tests.test_phase7_search.TestFilters" name="test_bbox_mumbai" time="0.057" /><testcase classname="tests.test_phase7_search.TestSort" name="test_sort_price_asc" time="0.056" /><testcase classname="tests.test_phase7_search.TestSort" name="test_sort_price_desc" time="0.054" /><testcase classname="tests.test_phase7_search.TestSort" name="test_sort_newest" time="0.053" /><testcase classname="tests.test_phase7_search.TestSort" name="test_sort_recommended" time="0.051" /><testcase classname="tests.test_phase7_search.TestAvailability" name="test_dates_no_overlap_returns_full_set" time="0.059" /><testcase classname="tests.test_phase7_search.TestAvailability" name="test_invalid_dates_returns_400" time="0.101" /><testcase classname="tests.test_phase7_search.TestAvailability" name="test_blocked_dates_excludes_property" time="0.641" /><testcase classname="tests.test_phase7_search.TestRegression" name="test_login_all_roles" time="0.841" /><testcase classname="tests.test_phase7_search.TestRegression" name="test_host_dashboard_accessible" time="0.054" /><testcase classname="tests.test_phase7_search.TestRegression" name="test_calendar_unified_view" time="0.235" /><testcase classname="tests.test_phase8_property_detail.TestPropertyDetail" name="test_get_property_returns_safe_host" time="0.249" /><testcase classname="tests.test_phase8_property_detail.TestPropertyDetail" name="test_unknown_property_returns_404" time="0.125" /><testcase classname="tests.test_phase8_property_detail.TestRazorpayMockService" name="test_is_mock_mode_active" time="0.000" /><testcase classname="tests.test_phase8_property_detail.TestRazorpayMockService" name="test_create_order_returns_mock_id" time="0.000" /><testcase classname="tests.test_phase8_property_detail.TestRazorpayMockService" name="test_mock_complete_payment_signature_verifies" time="0.000" /><testcase classname="tests.test_phase8_property_detail.TestRazorpayMockService" name="test_invalid_signature_rejected" time="0.000" /><testcase classname="tests.test_phase8_property_detail.TestBookingFlow" name="test_booking_returns_mock_order" time="0.478"><error message="failed on setup with &quot;AssertionError: {&quot;detail&quot;:&quot;Property is already booked for selected dates&quot;}&#10;assert 409 == 200&#10; +  where 409 = &lt;Response [409]&gt;.status_code&quot;">tests/test_phase8_property_detail.py:103: in soft_lock_booking
    assert r.status_code == 200, r.text
E   AssertionError: {"detail":"Property is already booked for selected dates"}
E   assert 409 == 200
E    +  where 409 = &lt;Response [409]&gt;.status_code</error></testcase><testcase classname="tests.test_phase8_property_detail.TestBookingFlow" name="test_overlap_rejected_409" time="0.000"><error message="failed on setup with &quot;AssertionError: {&quot;detail&quot;:&quot;Property is already booked for selected dates&quot;}&#10;assert 409 == 200&#10; +  where 409 = &lt;Response [409]&gt;.status_code&quot;">tests/test_phase8_property_detail.py:103: in soft_lock_booking
    assert r.status_code == 200, r.text
E   AssertionError: {"detail":"Property is already booked for selected dates"}
E   assert 409 == 200
E    +  where 409 = &lt;Response [409]&gt;.status_code</error></testcase><testcase classname="tests.test_phase8_property_detail.TestBookingFlow" name="test_invalid_date_range_400" time="0.122" /><testcase classname="tests.test_phase8_property_detail.TestBookingFlow" name="test_blocked_date_rejected" time="0.742" /><testcase classname="tests.test_phase8_property_detail.TestBookingFlow" name="test_confirm_payment_with_mock_signature" time="0.000"><error message="failed on setup with &quot;AssertionError: {&quot;detail&quot;:&quot;Property is already booked for selected dates&quot;}&#10;assert 409 == 200&#10; +  where 409 = &lt;Response [409]&gt;.status_code&quot;">tests/test_phase8_property_detail.py:103: in soft_lock_booking
    assert r.status_code == 200, r.text
E   AssertionError: {"detail":"Property is already booked for selected dates"}
E   assert 409 == 200
E    +  where 409 = &lt;Response [409]&gt;.status_code</error></testcase><testcase classname="tests.test_phase8_property_detail.TestBookingFlow" name="test_blocked_dates_includes_booking_source" time="0.000"><error message="failed on setup with &quot;AssertionError: {&quot;detail&quot;:&quot;Property is already booked for selected dates&quot;}&#10;assert 409 == 200&#10; +  where 409 = &lt;Response [409]&gt;.status_code&quot;">tests/test_phase8_property_detail.py:103: in soft_lock_booking
    assert r.status_code == 200, r.text
E   AssertionError: {"detail":"Property is already booked for selected dates"}
E   assert 409 == 200
E    +  where 409 = &lt;Response [409]&gt;.status_code</error></testcase><testcase classname="tests.test_phase8_property_detail.TestBookingFlow" name="test_ical_export_includes_booking" time="0.123" /><testcase classname="tests.test_phase8_property_detail.TestRegression" name="test_search_still_works" time="0.122" /><testcase classname="tests.test_phase8_property_detail.TestRegression" name="test_login_all_roles[creds0]" time="0.344" /><testcase classname="tests.test_phase8_property_detail.TestRegression" name="test_login_all_roles[creds1]" time="0.345" /><testcase classname="tests.test_phase8_property_detail.TestRegression" name="test_login_all_roles[creds2]" time="0.356" /><testcase classname="tests.test_phase8_property_detail.TestRegression" name="test_login_all_roles[creds3]" time="0.352" /><testcase classname="tests.test_phase8_property_detail.TestRegression" name="test_login_all_roles[creds4]" time="0.361" /><testcase classname="tests.test_phase9_payment.TestPaymentConfig" name="test_payment_config_public_no_auth" time="0.112" /><testcase classname="tests.test_phase9_payment.TestPaymentConfig" name="test_payment_config_is_mock_in_demo" time="0.122" /><testcase classname="tests.test_phase9_payment.TestMockPay" name="test_mock_pay_unknown_booking_returns_404" time="0.477" /><testcase classname="tests.test_phase9_payment.TestMockPay" name="test_mock_pay_success_and_idempotent" time="1.788" /><testcase classname="tests.test_phase9_payment.TestMockPay" name="test_mock_pay_non_owner_guest_403" time="16.472" /><testcase classname="tests.test_phase9_payment.TestConfirmPayment" name="test_confirm_payment_valid_signature" time="1.312"><failure message="Failed: Could not find free window for booking after retries">tests/test_phase9_payment.py:157: in test_confirm_payment_valid_signature
    booking = _create_booking(guest_token, PRIMARY_PROPERTY)
              ^^^^^^^^^^^^^^^^^^^^^^^^^^^^^^^^^^^^^^^^^^^^^^
tests/test_phase9_payment.py:74: in _create_booking
    pytest.fail("Could not find free window for booking after retries")
E   Failed: Could not find free window for booking after retries</failure></testcase><testcase classname="tests.test_phase9_payment.TestConfirmPayment" name="test_confirm_payment_invalid_signature_400" time="1.140" /><testcase classname="tests.test_phase9_payment.TestConfirmPayment" name="test_confirm_payment_unknown_booking_404" time="0.153" /><testcase classname="tests.test_phase9_payment.TestConfirmPayment" name="test_confirm_payment_non_owner_403" time="1.244"><failure message="Failed: Could not find free window for booking after retries">tests/test_phase9_payment.py:215: in test_confirm_payment_non_owner_403
    booking = _create_booking(guest_token, PRIMARY_PROPERTY)
              ^^^^^^^^^^^^^^^^^^^^^^^^^^^^^^^^^^^^^^^^^^^^^^
tests/test_phase9_payment.py:74: in _create_booking
    pytest.fail("Could not find free window for booking after retries")
E   Failed: Could not find free window for booking after retries</failure></testcase><testcase classname="tests.test_phase9_payment.TestConfirmPayment" name="test_confirm_payment_query_param_legacy_rejected" time="0.125" /><testcase classname="tests.test_phase9_payment.TestPhase8Regression" name="test_property_detail_still_works" time="0.117" /><testcase classname="tests.test_phase9_payment.TestPhase8Regression" name="test_search_still_works" time="0.118" /></testsuite></testsuites>