<?xml version="1.0" encoding="utf-8"?><testsuites name="pytest tests"><testsuite name="pytest" errors="0" failures="0" skipped="0" tests="12" time="7.268" timestamp="2026-05-06T12:11:13.944670+00:00" hostname="agent-env-01fa0f06-44e4-40c9-a361-f9e8a85e6901"><testcase classname="tests.test_booking_id_uniqueness.TestBookingIdUniqueness" name="test_rapid_fire_5_bookings_unique_ids" time="1.780" /><testcase classname="tests.test_booking_id_uniqueness.TestBookingIdUniqueness" name="test_get_booking_returns_exact_doc" time="0.357" /><testcase classname="tests.test_booking_id_uniqueness.TestBookingIdUniqueness" name="test_cancel_updates_same_booking" time="0.390" /><testcase classname="tests.test_phase10_my_bookings.TestGuestMyBookings" name="test_requires_auth" time="0.125" /><testcase classname="tests.test_phase10_my_bookings.TestGuestMyBookings" name="test_returns_bookings_with_property_embedded" time="0.468" /><testcase classname="tests.test_phase10_my_bookings.TestGuestMyBookings" name="test_sorted_by_check_in_desc" time="0.139" /><testcase classname="tests.test_phase10_my_bookings.TestHostMyBookings" name="test_host_bookings_embed_property" time="0.487" /><testcase classname="tests.test_phase10_my_bookings.TestCancelBooking" name="test_cancel_unknown_booking_404" time="0.126" /><testcase classname="tests.test_phase10_my_bookings.TestCancelBooking" name="test_cancel_requires_auth" time="0.128" /><testcase classname="tests.test_phase10_my_bookings.TestCancelBooking" name="test_cancel_non_owner_is_403" time="0.786" /><testcase classname="tests.test_phase10_my_bookings.TestCancelBooking" name="test_cancel_soft_lock_success_and_idempotent" time="1.069" /><testcase classname="tests.test_phase10_my_bookings.TestCancelBooking" name="test_cancel_confirmed_removes_booking_blocked_date" time="1.352" /></testsuite></testsuites>