<?xml version="1.0" encoding="utf-8"?><testsuites name="pytest tests"><testsuite name="pytest" errors="4" failures="0" skipped="0" tests="99" time="93.755" timestamp="2026-05-06T12:47:12.831130+00:00" hostname="agent-env-01fa0f06-44e4-40c9-a361-f9e8a85e6901"><testcase classname="test_booking_id_uniqueness.TestBookingIdUniqueness" name="test_rapid_fire_5_bookings_unique_ids" time="3.809" /><testcase classname="test_booking_id_uniqueness.TestBookingIdUniqueness" name="test_get_booking_returns_exact_doc" time="0.711" /><testcase classname="test_booking_id_uniqueness.TestBookingIdUniqueness" name="test_cancel_updates_same_booking" time="0.813" /><testcase classname="test_phase10_my_bookings.TestGuestMyBookings" name="test_requires_auth" time="0.247" /><testcase classname="test_phase10_my_bookings.TestGuestMyBookings" name="test_returns_bookings_with_property_embedded" time="0.648" /><testcase classname="test_phase10_my_bookings.TestGuestMyBookings" name="test_sorted_by_check_in_desc" time="0.274" /><testcase classname="test_phase10_my_bookings.TestHostMyBookings" name="test_host_bookings_embed_property" time="0.809" /><testcase classname="test_phase10_my_bookings.TestCancelBooking" name="test_cancel_unknown_booking_404" time="0.115" /><testcase classname="test_phase10_my_bookings.TestCancelBooking" name="test_cancel_requires_auth" time="0.432" /><testcase classname="test_phase10_my_bookings.TestCancelBooking" name="test_cancel_non_owner_is_403" time="0.661" /><testcase classname="test_phase10_my_bookings.TestCancelBooking" name="test_cancel_soft_lock_success_and_idempotent" time="1.516" /><testcase classname="test_phase10_my_bookings.TestCancelBooking" name="test_cancel_confirmed_removes_booking_blocked_date" time="2.100" /><testcase classname="test_phase11_notifications.TestReminderScheduling" name="test_create_booking_logs_reminder_scheduled" time="2.471" /><testcase classname="test_phase11_notifications.TestMockPayNotifications" name="test_mock_pay_creates_host_and_guest_notifications" time="2.399" /><testcase classname="test_phase11_notifications.TestConfirmPaymentNotifications" name="test_confirm_payment_creates_host_notifications" time="1.570" /><testcase classname="test_phase11_notifications.TestSoftLockReminderTask" name="test_reminder_task_fires_when_softlock_valid" time="2.311" /><testcase classname="test_phase11_notifications.TestSoftLockReminderTask" name="test_reminder_noop_when_confirmed" time="5.403" /><testcase classname="test_phase11_notifications.TestSoftLockReminderTask" name="test_reminder_noop_when_lock_expired" time="7.719" /><testcase classname="test_phase11_notifications.TestNotificationsAPI" name="test_host_my_notifications_increases_after_confirmed_booking" time="8.696" /><testcase classname="test_phase12_reaper.TestStartupLogs" name="test_startup_log_markers_present" time="0.000" /><testcase classname="test_phase12_reaper.TestReapHelper" name="test_reap_cancels_three_expired_softlocks" time="0.008" /><testcase classname="test_phase12_reaper.TestReapHelper" name="test_reap_safety_future_softlock_not_touched" time="0.005" /><testcase classname="test_phase12_reaper.TestReapHelper" name="test_reap_safety_confirmed_and_cancelled_not_touched" time="0.006" /><testcase classname="test_phase12_reaper.TestReapHelper" name="test_reap_deletes_associated_blocked_dates" time="0.006" /><testcase classname="test_phase12_reaper.TestRecoverReminders" name="test_recover_returns_count_for_eligible_bookings" time="0.005" /><testcase classname="test_phase12_reaper.TestRecoverReminders" name="test_recover_skips_already_sent" time="0.007" /><testcase classname="test_phase12_reaper.TestReminderDedup" name="test_reminder_task_dedups_on_second_invocation" time="0.008" /><testcase classname="test_phase12_reaper.TestLiveInvariants" name="test_no_soft_lock_with_past_expiry_in_db" time="0.003" /><testcase classname="test_phase6_calendar" name="test_login_all_roles[guest]" time="0.496" /><testcase classname="test_phase6_calendar" name="test_login_all_roles[host]" time="0.579" /><testcase classname="test_phase6_calendar" name="test_login_all_roles[broker]" time="0.403" /><testcase classname="test_phase6_calendar" name="test_login_all_roles[employee]" time="0.427" /><testcase classname="test_phase6_calendar" name="test_login_all_roles[admin]" time="0.441" /><testcase classname="test_phase6_calendar" name="test_property_listings_public" time="0.248" /><testcase classname="test_phase6_calendar" name="test_host_my_properties" time="0.580" /><testcase classname="test_phase6_calendar" name="test_admin_users_list_smoke" time="0.691" /><testcase classname="test_phase6_calendar" name="test_broker_dashboard_smoke" time="0.697" /><testcase classname="test_phase6_calendar" name="test_employee_dashboard_smoke" time="0.774" /><testcase classname="test_phase6_calendar" name="test_subscription_plans_smoke" time="0.294" /><testcase classname="test_phase6_calendar" name="test_cms_smoke" time="0.277" /><testcase classname="test_phase6_calendar" name="test_notifications_smoke" time="0.127" /><testcase classname="test_phase6_calendar" name="test_calendar_blocked_dates_public" time="0.892" /><testcase classname="test_phase6_calendar" name="test_block_dates_validations_and_success" time="2.573" /><testcase classname="test_phase6_calendar" name="test_block_dates_requires_auth" time="0.384" /><testcase classname="test_phase6_calendar" name="test_unified_view" time="0.559" /><testcase classname="test_phase6_calendar" name="test_ical_export" time="0.569" /><testcase classname="test_phase6_calendar" name="test_external_calendar_validation_and_crud" time="2.458" /><testcase classname="test_phase6_calendar" name="test_booking_blocked_by_manual_block" time="3.678" /><testcase classname="test_phase7_search.TestSeed" name="test_eight_demo_live_properties" time="0.449" /><testcase classname="test_phase7_search.TestFilters" name="test_category_event_venue" time="0.291" /><testcase classname="test_phase7_search.TestFilters" name="test_property_type_villa" time="0.261" /><testcase classname="test_phase7_search.TestFilters" name="test_city_mumbai_regex" time="0.242" /><testcase classname="test_phase7_search.TestFilters" name="test_min_price_10000" time="0.247" /><testcase classname="test_phase7_search.TestFilters" name="test_max_price_5000" time="0.270" /><testcase classname="test_phase7_search.TestFilters" name="test_amenities_wifi_ac" time="0.618" /><testcase classname="test_phase7_search.TestFilters" name="test_instant_booking_true" time="0.275" /><testcase classname="test_phase7_search.TestFilters" name="test_pet_friendly_true" time="0.243" /><testcase classname="test_phase7_search.TestFilters" name="test_bbox_mumbai" time="0.702" /><testcase classname="test_phase7_search.TestSort" name="test_sort_price_asc" time="0.275" /><testcase classname="test_phase7_search.TestSort" name="test_sort_price_desc" time="0.248" /><testcase classname="test_phase7_search.TestSort" name="test_sort_newest" time="0.259" /><testcase classname="test_phase7_search.TestSort" name="test_sort_recommended" time="0.245" /><testcase classname="test_phase7_search.TestAvailability" name="test_dates_no_overlap_returns_full_set" time="0.269" /><testcase classname="test_phase7_search.TestAvailability" name="test_invalid_dates_returns_400" time="0.483" /><testcase classname="test_phase7_search.TestAvailability" name="test_blocked_dates_excludes_property" time="1.759" /><testcase classname="test_phase7_search.TestRegression" name="test_login_all_roles" time="1.379" /><testcase classname="test_phase7_search.TestRegression" name="test_host_dashboard_accessible" time="0.824" /><testcase classname="test_phase7_search.TestRegression" name="test_calendar_unified_view" time="0.640" /><testcase classname="test_phase8_property_detail.TestPropertyDetail" name="test_get_property_returns_safe_host" time="0.708" /><testcase classname="test_phase8_property_detail.TestPropertyDetail" name="test_unknown_property_returns_404" time="0.350" /><testcase classname="test_phase8_property_detail.TestRazorpayMockService" name="test_is_mock_mode_active" time="0.000" /><testcase classname="test_phase8_property_detail.TestRazorpayMockService" name="test_create_order_returns_mock_id" time="0.000" /><testcase classname="test_phase8_property_detail.TestRazorpayMockService" name="test_mock_complete_payment_signature_verifies" time="0.000" /><testcase classname="test_phase8_property_detail.TestRazorpayMockService" name="test_invalid_signature_rejected" time="0.000" /><testcase classname="test_phase8_property_detail.TestBookingFlow" name="test_booking_returns_mock_order" time="0.965"><error message="failed on setup with &quot;AssertionError: {&quot;detail&quot;:&quot;Property is already booked for selected dates&quot;}&#10;assert 409 == 200&#10; +  where 409 = &lt;Response [409]&gt;.status_code&quot;">tests/test_phase8_property_detail.py:103: in soft_lock_booking
    assert r.status_code == 200, r.text
E   AssertionError: {"detail":"Property is already booked for selected dates"}
E   assert 409 == 200
E    +  where 409 = &lt;Response [409]&gt;.status_code</error></testcase><testcase classname="test_phase8_property_detail.TestBookingFlow" name="test_overlap_rejected_409" time="0.000"><error message="failed on setup with &quot;AssertionError: {&quot;detail&quot;:&quot;Property is already booked for selected dates&quot;}&#10;assert 409 == 200&#10; +  where 409 = &lt;Response [409]&gt;.status_code&quot;">tests/test_phase8_property_detail.py:103: in soft_lock_booking
    assert r.status_code == 200, r.text
E   AssertionError: {"detail":"Property is already booked for selected dates"}
E   assert 409 == 200
E    +  where 409 = &lt;Response [409]&gt;.status_code</error></testcase><testcase classname="test_phase8_property_detail.TestBookingFlow" name="test_invalid_date_range_400" time="0.359" /><testcase classname="test_phase8_property_detail.TestBookingFlow" name="test_blocked_date_rejected" time="1.420" /><testcase classname="test_phase8_property_detail.TestBookingFlow" name="test_confirm_payment_with_mock_signature" time="0.000"><error message="failed on setup with &quot;AssertionError: {&quot;detail&quot;:&quot;Property is already booked for selected dates&quot;}&#10;assert 409 == 200&#10; +  where 409 = &lt;Response [409]&gt;.status_code&quot;">tests/test_phase8_property_detail.py:103: in soft_lock_booking
    assert r.status_code == 200, r.text
E   AssertionError: {"detail":"Property is already booked for selected dates"}
E   assert 409 == 200
E    +  where 409 = &lt;Response [409]&gt;.status_code</error></testcase><testcase classname="test_phase8_property_detail.TestBookingFlow" name="test_blocked_dates_includes_booking_source" time="0.000"><error message="failed on setup with &quot;AssertionError: {&quot;detail&quot;:&quot;Property is already booked for selected dates&quot;}&#10;assert 409 == 200&#10; +  where 409 = &lt;Response [409]&gt;.status_code&quot;">tests/test_phase8_property_detail.py:103: in soft_lock_booking
    assert r.status_code == 200, r.text
E   AssertionError: {"detail":"Property is already booked for selected dates"}
E   assert 409 == 200
E    +  where 409 = &lt;Response [409]&gt;.status_code</error></testcase><testcase classname="test_phase8_property_detail.TestBookingFlow" name="test_ical_export_includes_booking" time="0.317" /><testcase classname="test_phase8_property_detail.TestRegression" name="test_search_still_works" time="0.351" /><testcase classname="test_phase8_property_detail.TestRegression" name="test_login_all_roles[creds0]" time="0.582" /><testcase classname="test_phase8_property_detail.TestRegression" name="test_login_all_roles[creds1]" time="0.374" /><testcase classname="test_phase8_property_detail.TestRegression" name="test_login_all_roles[creds2]" time="0.503" /><testcase classname="test_phase8_property_detail.TestRegression" name="test_login_all_roles[creds3]" time="0.532" /><testcase classname="test_phase8_property_detail.TestRegression" name="test_login_all_roles[creds4]" time="0.520" /><testcase classname="test_phase9_payment.TestPaymentConfig" name="test_payment_config_public_no_auth" time="0.151" /><testcase classname="test_phase9_payment.TestPaymentConfig" name="test_payment_config_is_mock_in_demo" time="0.280" /><testcase classname="test_phase9_payment.TestMockPay" name="test_mock_pay_unknown_booking_returns_404" time="0.808" /><testcase classname="test_phase9_payment.TestMockPay" name="test_mock_pay_success_and_idempotent" time="1.645" /><testcase classname="test_phase9_payment.TestMockPay" name="test_mock_pay_non_owner_guest_403" time="0.922" /><testcase classname="test_phase9_payment.TestConfirmPayment" name="test_confirm_payment_valid_signature" time="3.388" /><testcase classname="test_phase9_payment.TestConfirmPayment" name="test_confirm_payment_invalid_signature_400" time="1.194" /><testcase classname="test_phase9_payment.TestConfirmPayment" name="test_confirm_payment_unknown_booking_404" time="0.129" /><testcase classname="test_phase9_payment.TestConfirmPayment" name="test_confirm_payment_non_owner_403" time="6.934" /><testcase classname="test_phase9_payment.TestConfirmPayment" name="test_confirm_payment_query_param_legacy_rejected" time="0.862" /><testcase classname="test_phase9_payment.TestPhase8Regression" name="test_property_detail_still_works" time="0.156" /><testcase classname="test_phase9_payment.TestPhase8Regression" name="test_search_still_works" time="0.147" /></testsuite></testsuites>