<?xml version="1.0" encoding="utf-8"?><testsuites name="pytest tests"><testsuite name="pytest" errors="0" failures="0" skipped="0" tests="8" time="13.143" timestamp="2026-05-06T13:33:18.083308+00:00" hostname="agent-env-01fa0f06-44e4-40c9-a361-f9e8a85e6901"><testcase classname="test_phase14_verification" name="test_full_happy_path" time="4.633" /><testcase classname="test_phase14_verification" name="test_rm_rejection_branch" time="1.249" /><testcase classname="test_phase14_verification" name="test_admin_rejection_branch" time="1.034" /><testcase classname="test_phase14_verification" name="test_admin_approve_guard" time="0.876" /><testcase classname="test_phase14_verification" name="test_employee_reject_requires_body" time="0.243" /><testcase classname="test_phase14_verification" name="test_admin_reject_requires_body" time="0.275" /><testcase classname="test_phase14_verification" name="test_verification_id_uniqueness" time="2.789" /><testcase classname="test_phase14_verification" name="test_broker_fairness" time="1.965" /></testsuite></testsuites>