<?xml version="1.0" encoding="utf-8"?><testsuites name="pytest tests"><testsuite name="pytest" errors="0" failures="0" skipped="0" tests="9" time="0.266" timestamp="2026-05-06T12:46:59.940041+00:00" hostname="agent-env-01fa0f06-44e4-40c9-a361-f9e8a85e6901"><testcase classname="test_phase12_reaper.TestStartupLogs" name="test_startup_log_markers_present" time="0.001" /><testcase classname="test_phase12_reaper.TestReapHelper" name="test_reap_cancels_three_expired_softlocks" time="0.013" /><testcase classname="test_phase12_reaper.TestReapHelper" name="test_reap_safety_future_softlock_not_touched" time="0.006" /><testcase classname="test_phase12_reaper.TestReapHelper" name="test_reap_safety_confirmed_and_cancelled_not_touched" time="0.006" /><testcase classname="test_phase12_reaper.TestReapHelper" name="test_reap_deletes_associated_blocked_dates" time="0.007" /><testcase classname="test_phase12_reaper.TestRecoverReminders" name="test_recover_returns_count_for_eligible_bookings" time="0.006" /><testcase classname="test_phase12_reaper.TestRecoverReminders" name="test_recover_skips_already_sent" time="0.006" /><testcase classname="test_phase12_reaper.TestReminderDedup" name="test_reminder_task_dedups_on_second_invocation" time="0.008" /><testcase classname="test_phase12_reaper.TestLiveInvariants" name="test_no_soft_lock_with_past_expiry_in_db" time="0.004" /></testsuite></testsuites>