<?xml version="1.0" encoding="utf-8"?><testsuites name="pytest tests"><testsuite name="pytest" errors="0" failures="1" skipped="0" tests="20" time="5.660" timestamp="2026-05-07T05:08:09.957366+00:00" hostname="agent-env-01fa0f06-44e4-40c9-a361-f9e8a85e6901"><testcase classname="test_phase15_account" name="test_admin_overview_requires_admin" time="2.316" /><testcase classname="test_phase15_account" name="test_admin_overview_shape" time="0.102" /><testcase classname="test_phase15_account" name="test_mrr_chart_6_months" time="0.123" /><testcase classname="test_phase15_account" name="test_top_hosts" time="0.108" /><testcase classname="test_phase15_account" name="test_transactions_filter_by_type_status" time="0.109" /><testcase classname="test_phase15_account" name="test_csv_export" time="0.103" /><testcase classname="test_phase15_account" name="test_mock_pay_writes_ledger_and_idempotent" time="0.338" /><testcase classname="test_phase15_account" name="test_refund_policy_preview_tiers" time="0.310" /><testcase classname="test_phase15_account" name="test_admin_refund_policy_full" time="0.128" /><testcase classname="test_phase15_account" name="test_admin_refund_override_percent" time="0.126" /><testcase classname="test_phase15_account" name="test_admin_refund_dup_guard" time="0.221" /><testcase classname="test_phase15_account" name="test_guest_cancel_auto_refund" time="0.135" /><testcase classname="test_phase15_account" name="test_payout_sweep_marks_eligible" time="0.108" /><testcase classname="test_phase15_account" name="test_process_payout_with_upi" time="0.216"><failure message="AssertionError: {&quot;detail&quot;:&quot;Failed to process payout: 'str' object has no attribute 'value'&quot;}&#10;assert 500 == 200&#10; +  where 500 = &lt;Response [500]&gt;.status_code">tests/test_phase15_account.py:429: in test_process_payout_with_upi
    assert r.status_code == 200, r.text
E   AssertionError: {"detail":"Failed to process payout: 'str' object has no attribute 'value'"}
E   assert 500 == 200
E    +  where 500 = &lt;Response [500]&gt;.status_code</failure></testcase><testcase classname="test_phase15_account" name="test_process_payout_no_destination" time="0.218" /><testcase classname="test_phase15_account" name="test_process_eligible_batch_idempotent" time="0.318" /><testcase classname="test_phase15_account" name="test_host_payout_pref_validation" time="0.446" /><testcase classname="test_phase15_account" name="test_host_payouts_list" time="0.128" /><testcase classname="test_phase15_account" name="test_unique_indexes_payouts" time="0.002" /><testcase classname="test_phase15_account" name="test_registration_fee_mock_pay_ledger" time="0.002" /></testsuite></testsuites>