<?xml version="1.0" encoding="utf-8"?><testsuites name="pytest tests"><testsuite name="pytest" errors="0" failures="0" skipped="0" tests="10" time="5.302" timestamp="2026-05-06T13:08:51.866341+00:00" hostname="agent-env-01fa0f06-44e4-40c9-a361-f9e8a85e6901"><testcase classname="test_phase13_listing.TestUploadImage" name="test_upload_png_success" time="0.863" /><testcase classname="test_phase13_listing.TestUploadImage" name="test_upload_rejects_txt" time="0.223" /><testcase classname="test_phase13_listing.TestUploadImage" name="test_upload_rejects_too_large" time="1.191" /><testcase classname="test_phase13_listing.TestUploadImage" name="test_upload_requires_auth" time="0.176" /><testcase classname="test_phase13_listing.TestAuthMe" name="test_me_returns_profile" time="0.144" /><testcase classname="test_phase13_listing.TestAuthMe" name="test_me_requires_auth" time="0.178" /><testcase classname="test_phase13_listing.TestRegistrationFee" name="test_create_order_and_full_mock_flow" time="0.752" /><testcase classname="test_phase13_listing.TestRegistrationFee" name="test_confirm_registration_fee_with_pydantic_body" time="0.574" /><testcase classname="test_phase13_listing.TestPropertyIdUuid4AndSubmit" name="test_property_ids_unique_uuid4" time="0.697" /><testcase classname="test_phase13_listing.TestPropertyIdUuid4AndSubmit" name="test_submit_verification_flips_status" time="0.419" /></testsuite></testsuites>