<?xml version="1.0" encoding="utf-8"?><testsuites name="pytest tests"><testsuite name="pytest" errors="0" failures="2" skipped="0" tests="20" time="3.735" timestamp="2026-05-06T11:20:40.127715+00:00" hostname="agent-env-01fa0f06-44e4-40c9-a361-f9e8a85e6901"><testcase classname="backend.tests.test_phase7_search.TestSeed" name="test_eight_demo_live_properties" time="0.382" /><testcase classname="backend.tests.test_phase7_search.TestFilters" name="test_category_event_venue" time="0.069" /><testcase classname="backend.tests.test_phase7_search.TestFilters" name="test_property_type_villa" time="0.064" /><testcase classname="backend.tests.test_phase7_search.TestFilters" name="test_city_mumbai_regex" time="0.066" /><testcase classname="backend.tests.test_phase7_search.TestFilters" name="test_min_price_10000" time="0.076" /><testcase classname="backend.tests.test_phase7_search.TestFilters" name="test_max_price_5000" time="0.074" /><testcase classname="backend.tests.test_phase7_search.TestFilters" name="test_amenities_wifi_ac" time="0.080" /><testcase classname="backend.tests.test_phase7_search.TestFilters" name="test_instant_booking_true" time="0.083" /><testcase classname="backend.tests.test_phase7_search.TestFilters" name="test_pet_friendly_true" time="0.083" /><testcase classname="backend.tests.test_phase7_search.TestFilters" name="test_bbox_mumbai" time="0.083" /><testcase classname="backend.tests.test_phase7_search.TestSort" name="test_sort_price_asc" time="0.080" /><testcase classname="backend.tests.test_phase7_search.TestSort" name="test_sort_price_desc" time="0.105" /><testcase classname="backend.tests.test_phase7_search.TestSort" name="test_sort_newest" time="0.103" /><testcase classname="backend.tests.test_phase7_search.TestSort" name="test_sort_recommended" time="0.093" /><testcase classname="backend.tests.test_phase7_search.TestAvailability" name="test_dates_no_overlap_returns_full_set" time="0.107" /><testcase classname="backend.tests.test_phase7_search.TestAvailability" name="test_invalid_dates_returns_400" time="0.151" /><testcase classname="backend.tests.test_phase7_search.TestAvailability" name="test_blocked_dates_excludes_property" time="0.765"><failure message="AssertionError: {&quot;detail&quot;:&quot;Not Found&quot;}&#10;assert 404 in (200, 201)&#10; +  where 404 = &lt;Response [404]&gt;.status_code">backend/tests/test_phase7_search.py:172: in test_blocked_dates_excludes_property
    assert r.status_code in (200, 201), r.text
E   AssertionError: {"detail":"Not Found"}
E   assert 404 in (200, 201)
E    +  where 404 = &lt;Response [404]&gt;.status_code</failure></testcase><testcase classname="backend.tests.test_phase7_search.TestRegression" name="test_login_all_roles" time="0.873" /><testcase classname="backend.tests.test_phase7_search.TestRegression" name="test_host_dashboard_accessible" time="0.071" /><testcase classname="backend.tests.test_phase7_search.TestRegression" name="test_calendar_unified_view" time="0.223"><failure message="assert 404 == 200&#10; +  where 404 = &lt;Response [404]&gt;.status_code">backend/tests/test_phase7_search.py:211: in test_calendar_unified_view
    assert r2.status_code == 200
E   assert 404 == 200
E    +  where 404 = &lt;Response [404]&gt;.status_code</failure></testcase></testsuite></testsuites>