<?xml version="1.0" encoding="utf-8"?><testsuites name="pytest tests"><testsuite name="pytest" errors="0" failures="0" skipped="0" tests="9" time="7.387" timestamp="2026-05-06T12:03:49.686791+00:00" hostname="agent-env-01fa0f06-44e4-40c9-a361-f9e8a85e6901"><testcase classname="backend.tests.test_phase10_my_bookings.TestGuestMyBookings" name="test_requires_auth" time="0.143" /><testcase classname="backend.tests.test_phase10_my_bookings.TestGuestMyBookings" name="test_returns_bookings_with_property_embedded" time="0.504" /><testcase classname="backend.tests.test_phase10_my_bookings.TestGuestMyBookings" name="test_sorted_by_check_in_desc" time="0.110" /><testcase classname="backend.tests.test_phase10_my_bookings.TestHostMyBookings" name="test_host_bookings_embed_property" time="0.490" /><testcase classname="backend.tests.test_phase10_my_bookings.TestCancelBooking" name="test_cancel_unknown_booking_404" time="0.117" /><testcase classname="backend.tests.test_phase10_my_bookings.TestCancelBooking" name="test_cancel_requires_auth" time="0.112" /><testcase classname="backend.tests.test_phase10_my_bookings.TestCancelBooking" name="test_cancel_non_owner_is_403" time="1.598" /><testcase classname="backend.tests.test_phase10_my_bookings.TestCancelBooking" name="test_cancel_soft_lock_success_and_idempotent" time="1.885" /><testcase classname="backend.tests.test_phase10_my_bookings.TestCancelBooking" name="test_cancel_confirmed_removes_booking_blocked_date" time="2.350" /></testsuite></testsuites>