<?xml version="1.0" encoding="utf-8"?><testsuites name="pytest tests"><testsuite name="pytest" errors="0" failures="0" skipped="0" tests="12" time="3.958" timestamp="2026-05-06T11:47:58.582524+00:00" hostname="agent-env-01fa0f06-44e4-40c9-a361-f9e8a85e6901"><testcase classname="backend.tests.test_phase9_payment.TestPaymentConfig" name="test_payment_config_public_no_auth" time="0.301" /><testcase classname="backend.tests.test_phase9_payment.TestPaymentConfig" name="test_payment_config_is_mock_in_demo" time="0.135" /><testcase classname="backend.tests.test_phase9_payment.TestMockPay" name="test_mock_pay_unknown_booking_returns_404" time="0.523" /><testcase classname="backend.tests.test_phase9_payment.TestMockPay" name="test_mock_pay_success_and_idempotent" time="0.671" /><testcase classname="backend.tests.test_phase9_payment.TestMockPay" name="test_mock_pay_non_owner_guest_403" time="0.606" /><testcase classname="backend.tests.test_phase9_payment.TestConfirmPayment" name="test_confirm_payment_valid_signature" time="0.428" /><testcase classname="backend.tests.test_phase9_payment.TestConfirmPayment" name="test_confirm_payment_invalid_signature_400" time="0.374" /><testcase classname="backend.tests.test_phase9_payment.TestConfirmPayment" name="test_confirm_payment_unknown_booking_404" time="0.098" /><testcase classname="backend.tests.test_phase9_payment.TestConfirmPayment" name="test_confirm_payment_non_owner_403" time="0.453" /><testcase classname="backend.tests.test_phase9_payment.TestConfirmPayment" name="test_confirm_payment_query_param_legacy_rejected" time="0.106" /><testcase classname="backend.tests.test_phase9_payment.TestPhase8Regression" name="test_property_detail_still_works" time="0.099" /><testcase classname="backend.tests.test_phase9_payment.TestPhase8Regression" name="test_search_still_works" time="0.102" /></testsuite></testsuites>