<?xml version="1.0" encoding="utf-8"?><testsuites name="pytest tests"><testsuite name="pytest" errors="0" failures="0" skipped="0" tests="7" time="49.401" timestamp="2026-05-06T12:38:07.172837+00:00" hostname="agent-env-01fa0f06-44e4-40c9-a361-f9e8a85e6901"><testcase classname="test_phase11_notifications.TestReminderScheduling" name="test_create_booking_logs_reminder_scheduled" time="6.356" /><testcase classname="test_phase11_notifications.TestMockPayNotifications" name="test_mock_pay_creates_host_and_guest_notifications" time="10.926" /><testcase classname="test_phase11_notifications.TestConfirmPaymentNotifications" name="test_confirm_payment_creates_host_notifications" time="9.689" /><testcase classname="test_phase11_notifications.TestSoftLockReminderTask" name="test_reminder_task_fires_when_softlock_valid" time="7.568" /><testcase classname="test_phase11_notifications.TestSoftLockReminderTask" name="test_reminder_noop_when_confirmed" time="4.290" /><testcase classname="test_phase11_notifications.TestSoftLockReminderTask" name="test_reminder_noop_when_lock_expired" time="4.621" /><testcase classname="test_phase11_notifications.TestNotificationsAPI" name="test_host_my_notifications_increases_after_confirmed_booking" time="5.763" /></testsuite></testsuites>