<?xml version="1.0" encoding="utf-8"?><testsuites name="pytest tests"><testsuite name="pytest" errors="0" failures="1" skipped="0" tests="19" time="4.637" timestamp="2026-05-06T11:32:31.684995+00:00" hostname="agent-env-01fa0f06-44e4-40c9-a361-f9e8a85e6901"><testcase classname="backend.tests.test_phase8_property_detail.TestPropertyDetail" name="test_get_property_returns_safe_host" time="0.406" /><testcase classname="backend.tests.test_phase8_property_detail.TestPropertyDetail" name="test_unknown_property_returns_404" time="0.127" /><testcase classname="backend.tests.test_phase8_property_detail.TestRazorpayMockService" name="test_is_mock_mode_active" time="0.000" /><testcase classname="backend.tests.test_phase8_property_detail.TestRazorpayMockService" name="test_create_order_returns_mock_id" time="0.000" /><testcase classname="backend.tests.test_phase8_property_detail.TestRazorpayMockService" name="test_mock_complete_payment_signature_verifies" time="0.000" /><testcase classname="backend.tests.test_phase8_property_detail.TestRazorpayMockService" name="test_invalid_signature_rejected" time="0.000" /><testcase classname="backend.tests.test_phase8_property_detail.TestBookingFlow" name="test_booking_returns_mock_order" time="0.570" /><testcase classname="backend.tests.test_phase8_property_detail.TestBookingFlow" name="test_overlap_rejected_409" time="0.127" /><testcase classname="backend.tests.test_phase8_property_detail.TestBookingFlow" name="test_invalid_date_range_400" time="0.151" /><testcase classname="backend.tests.test_phase8_property_detail.TestBookingFlow" name="test_blocked_date_rejected" time="0.817" /><testcase classname="backend.tests.test_phase8_property_detail.TestBookingFlow" name="test_confirm_payment_with_mock_signature" time="0.216" /><testcase classname="backend.tests.test_phase8_property_detail.TestBookingFlow" name="test_blocked_dates_includes_booking_source" time="0.111" /><testcase classname="backend.tests.test_phase8_property_detail.TestBookingFlow" name="test_ical_export_includes_booking" time="0.106" /><testcase classname="backend.tests.test_phase8_property_detail.TestRegression" name="test_search_still_works" time="0.100"><failure message="assert 422 == 200&#10; +  where 422 = &lt;Response [422]&gt;.status_code">backend/tests/test_phase8_property_detail.py:230: in test_search_still_works
    assert r.status_code == 200
E   assert 422 == 200
E    +  where 422 = &lt;Response [422]&gt;.status_code</failure></testcase><testcase classname="backend.tests.test_phase8_property_detail.TestRegression" name="test_login_all_roles[creds0]" time="0.334" /><testcase classname="backend.tests.test_phase8_property_detail.TestRegression" name="test_login_all_roles[creds1]" time="0.387" /><testcase classname="backend.tests.test_phase8_property_detail.TestRegression" name="test_login_all_roles[creds2]" time="0.375" /><testcase classname="backend.tests.test_phase8_property_detail.TestRegression" name="test_login_all_roles[creds3]" time="0.385" /><testcase classname="backend.tests.test_phase8_property_detail.TestRegression" name="test_login_all_roles[creds4]" time="0.324" /></testsuite></testsuites>