<?xml version="1.0" encoding="utf-8"?><testsuites name="pytest tests"><testsuite name="pytest" errors="0" failures="0" skipped="0" tests="20" time="7.321" timestamp="2026-05-06T11:00:37.226483+00:00" hostname="agent-env-01fa0f06-44e4-40c9-a361-f9e8a85e6901"><testcase classname="tests.test_phase6_calendar" name="test_login_all_roles[guest]" time="0.743" /><testcase classname="tests.test_phase6_calendar" name="test_login_all_roles[host]" time="0.269" /><testcase classname="tests.test_phase6_calendar" name="test_login_all_roles[broker]" time="0.272" /><testcase classname="tests.test_phase6_calendar" name="test_login_all_roles[employee]" time="0.266" /><testcase classname="tests.test_phase6_calendar" name="test_login_all_roles[admin]" time="0.267" /><testcase classname="tests.test_phase6_calendar" name="test_property_listings_public" time="0.099" /><testcase classname="tests.test_phase6_calendar" name="test_host_my_properties" time="0.386" /><testcase classname="tests.test_phase6_calendar" name="test_admin_users_list_smoke" time="0.372" /><testcase classname="tests.test_phase6_calendar" name="test_broker_dashboard_smoke" time="0.369" /><testcase classname="tests.test_phase6_calendar" name="test_employee_dashboard_smoke" time="0.373" /><testcase classname="tests.test_phase6_calendar" name="test_subscription_plans_smoke" time="0.100" /><testcase classname="tests.test_phase6_calendar" name="test_cms_smoke" time="0.094" /><testcase classname="tests.test_phase6_calendar" name="test_notifications_smoke" time="0.101" /><testcase classname="tests.test_phase6_calendar" name="test_calendar_blocked_dates_public" time="0.202" /><testcase classname="tests.test_phase6_calendar" name="test_block_dates_validations_and_success" time="1.035" /><testcase classname="tests.test_phase6_calendar" name="test_block_dates_requires_auth" time="0.241" /><testcase classname="tests.test_phase6_calendar" name="test_unified_view" time="0.199" /><testcase classname="tests.test_phase6_calendar" name="test_ical_export" time="0.199" /><testcase classname="tests.test_phase6_calendar" name="test_external_calendar_validation_and_crud" time="0.825" /><testcase classname="tests.test_phase6_calendar" name="test_booking_blocked_by_manual_block" time="0.726" /></testsuite></testsuites>