<?xml version="1.0" encoding="utf-8"?><testsuites name="pytest tests"><testsuite name="pytest" errors="0" failures="0" skipped="0" tests="64" time="32.590" timestamp="2026-05-06T12:39:01.865342+00:00" hostname="agent-env-01fa0f06-44e4-40c9-a361-f9e8a85e6901"><testcase classname="test_phase6_calendar" name="test_login_all_roles[guest]" time="0.468" /><testcase classname="test_phase6_calendar" name="test_login_all_roles[host]" time="0.405" /><testcase classname="test_phase6_calendar" name="test_login_all_roles[broker]" time="0.320" /><testcase classname="test_phase6_calendar" name="test_login_all_roles[employee]" time="0.401" /><testcase classname="test_phase6_calendar" name="test_login_all_roles[admin]" time="0.417" /><testcase classname="test_phase6_calendar" name="test_property_listings_public" time="0.151" /><testcase classname="test_phase6_calendar" name="test_host_my_properties" time="0.605" /><testcase classname="test_phase6_calendar" name="test_admin_users_list_smoke" time="0.504" /><testcase classname="test_phase6_calendar" name="test_broker_dashboard_smoke" time="0.501" /><testcase classname="test_phase6_calendar" name="test_employee_dashboard_smoke" time="0.537" /><testcase classname="test_phase6_calendar" name="test_subscription_plans_smoke" time="0.141" /><testcase classname="test_phase6_calendar" name="test_cms_smoke" time="0.155" /><testcase classname="test_phase6_calendar" name="test_notifications_smoke" time="0.159" /><testcase classname="test_phase6_calendar" name="test_calendar_blocked_dates_public" time="0.310" /><testcase classname="test_phase6_calendar" name="test_block_dates_validations_and_success" time="1.401" /><testcase classname="test_phase6_calendar" name="test_block_dates_requires_auth" time="0.634" /><testcase classname="test_phase6_calendar" name="test_unified_view" time="0.537" /><testcase classname="test_phase6_calendar" name="test_ical_export" time="0.587" /><testcase classname="test_phase6_calendar" name="test_external_calendar_validation_and_crud" time="1.719" /><testcase classname="test_phase6_calendar" name="test_booking_blocked_by_manual_block" time="1.334" /><testcase classname="test_phase7_search.TestSeed" name="test_eight_demo_live_properties" time="0.230" /><testcase classname="test_phase7_search.TestFilters" name="test_category_event_venue" time="0.115" /><testcase classname="test_phase7_search.TestFilters" name="test_property_type_villa" time="0.095" /><testcase classname="test_phase7_search.TestFilters" name="test_city_mumbai_regex" time="0.101" /><testcase classname="test_phase7_search.TestFilters" name="test_min_price_10000" time="0.099" /><testcase classname="test_phase7_search.TestFilters" name="test_max_price_5000" time="0.110" /><testcase classname="test_phase7_search.TestFilters" name="test_amenities_wifi_ac" time="0.104" /><testcase classname="test_phase7_search.TestFilters" name="test_instant_booking_true" time="0.098" /><testcase classname="test_phase7_search.TestFilters" name="test_pet_friendly_true" time="0.096" /><testcase classname="test_phase7_search.TestFilters" name="test_bbox_mumbai" time="0.106" /><testcase classname="test_phase7_search.TestSort" name="test_sort_price_asc" time="0.115" /><testcase classname="test_phase7_search.TestSort" name="test_sort_price_desc" time="0.129" /><testcase classname="test_phase7_search.TestSort" name="test_sort_newest" time="0.104" /><testcase classname="test_phase7_search.TestSort" name="test_sort_recommended" time="0.110" /><testcase classname="test_phase7_search.TestAvailability" name="test_dates_no_overlap_returns_full_set" time="0.099" /><testcase classname="test_phase7_search.TestAvailability" name="test_invalid_dates_returns_400" time="0.169" /><testcase classname="test_phase7_search.TestAvailability" name="test_blocked_dates_excludes_property" time="1.063" /><testcase classname="test_phase7_search.TestRegression" name="test_login_all_roles" time="0.990" /><testcase classname="test_phase7_search.TestRegression" name="test_host_dashboard_accessible" time="0.095" /><testcase classname="test_phase7_search.TestRegression" name="test_calendar_unified_view" time="0.378" /><testcase classname="test_phase9_payment.TestPaymentConfig" name="test_payment_config_public_no_auth" time="0.261" /><testcase classname="test_phase9_payment.TestPaymentConfig" name="test_payment_config_is_mock_in_demo" time="0.257" /><testcase classname="test_phase9_payment.TestMockPay" name="test_mock_pay_unknown_booking_returns_404" time="0.714" /><testcase classname="test_phase9_payment.TestMockPay" name="test_mock_pay_success_and_idempotent" time="1.801" /><testcase classname="test_phase9_payment.TestMockPay" name="test_mock_pay_non_owner_guest_403" time="1.489" /><testcase classname="test_phase9_payment.TestConfirmPayment" name="test_confirm_payment_valid_signature" time="1.609" /><testcase classname="test_phase9_payment.TestConfirmPayment" name="test_confirm_payment_invalid_signature_400" time="1.193" /><testcase classname="test_phase9_payment.TestConfirmPayment" name="test_confirm_payment_unknown_booking_404" time="0.332" /><testcase classname="test_phase9_payment.TestConfirmPayment" name="test_confirm_payment_non_owner_403" time="1.468" /><testcase classname="test_phase9_payment.TestConfirmPayment" name="test_confirm_payment_query_param_legacy_rejected" time="0.165" /><testcase classname="test_phase9_payment.TestPhase8Regression" name="test_property_detail_still_works" time="0.162" /><testcase classname="test_phase9_payment.TestPhase8Regression" name="test_search_still_works" time="0.124" /><testcase classname="test_phase10_my_bookings.TestGuestMyBookings" name="test_requires_auth" time="0.118" /><testcase classname="test_phase10_my_bookings.TestGuestMyBookings" name="test_returns_bookings_with_property_embedded" time="0.576" /><testcase classname="test_phase10_my_bookings.TestGuestMyBookings" name="test_sorted_by_check_in_desc" time="0.176" /><testcase classname="test_phase10_my_bookings.TestHostMyBookings" name="test_host_bookings_embed_property" time="0.570" /><testcase classname="test_phase10_my_bookings.TestCancelBooking" name="test_cancel_unknown_booking_404" time="0.124" /><testcase classname="test_phase10_my_bookings.TestCancelBooking" name="test_cancel_requires_auth" time="0.120" /><testcase classname="test_phase10_my_bookings.TestCancelBooking" name="test_cancel_non_owner_is_403" time="0.746" /><testcase classname="test_phase10_my_bookings.TestCancelBooking" name="test_cancel_soft_lock_success_and_idempotent" time="0.986" /><testcase classname="test_phase10_my_bookings.TestCancelBooking" name="test_cancel_confirmed_removes_booking_blocked_date" time="1.368" /><testcase classname="test_booking_id_uniqueness.TestBookingIdUniqueness" name="test_rapid_fire_5_bookings_unique_ids" time="1.612" /><testcase classname="test_booking_id_uniqueness.TestBookingIdUniqueness" name="test_get_booking_returns_exact_doc" time="0.403" /><testcase classname="test_booking_id_uniqueness.TestBookingIdUniqueness" name="test_cancel_updates_same_booking" time="0.418" /></testsuite></testsuites>